<?xml version="1.0" encoding="UTF-8"?>
<robot generator="Robot 3.1.2 (Python 3.8.1 on win32)" generated="20200107 01:01:00.851" rpa="false">
<suite id="s1" name="Tc01" source="C:\madhuri\robotproject\tc01.robot">
<test id="s1-t1" name="Test title">
<kw name="open google">
<kw name="Open Browser" library="SeleniumLibrary">
<doc>Opens a new browser instance to the optional ``url``.</doc>
<arguments>
<arg>https://www.google.com/</arg>
<arg>chrome</arg>
</arguments>
<msg timestamp="20200107 01:01:01.487" level="INFO">Opening browser 'chrome' to base url 'https://www.google.com/'.</msg>
<status status="PASS" starttime="20200107 01:01:01.487" endtime="20200107 01:01:05.471"></status>
</kw>
<kw name="Close All Browsers" library="SeleniumLibrary">
<doc>Closes all open browsers and resets the browser cache.</doc>
<status status="PASS" starttime="20200107 01:01:05.472" endtime="20200107 01:01:07.656"></status>
</kw>
<status status="PASS" starttime="20200107 01:01:01.487" endtime="20200107 01:01:07.656"></status>
</kw>
<status status="PASS" starttime="20200107 01:01:01.487" endtime="20200107 01:01:07.656" critical="yes"></status>
</test>
<doc>Suite description</doc>
<status status="PASS" starttime="20200107 01:01:00.855" endtime="20200107 01:01:07.656"></status>
</suite>
<statistics>
<total>
<stat pass="1" fail="0">Critical Tests</stat>
<stat pass="1" fail="0">All Tests</stat>
</total>
<tag>
</tag>
<suite>
<stat pass="1" fail="0" id="s1" name="Tc01">Tc01</stat>
</suite>
</statistics>
<errors>
</errors>
</robot>
